Determining if the pthread_create exist failed with the following output:
Change Dir: /home/yalshinnawi/fall-20-106a-robotics/final_ws/build/CMakeFiles/CMakeTmp

Run Build Command:"/usr/bin/make" "cmTC_af31a/fast"
/usr/bin/make -f CMakeFiles/cmTC_af31a.dir/build.make CMakeFiles/cmTC_af31a.dir/build
make[1]: Entering directory '/home/yalshinnawi/fall-20-106a-robotics/final_ws/build/CMakeFiles/CMakeTmp'
Building C object CMakeFiles/cmTC_af31a.dir/CheckSymbolExists.c.o
/usr/bin/cc     -o CMakeFiles/cmTC_af31a.dir/CheckSymbolExists.c.o   -c /home/yalshinnawi/fall-20-106a-robotics/final_ws/build/CMakeFiles/CMakeTmp/CheckSymbolExists.c
Linking C executable cmTC_af31a
/usr/bin/cmake -E cmake_link_script CMakeFiles/cmTC_af31a.dir/link.txt --verbose=1
/usr/bin/cc       CMakeFiles/cmTC_af31a.dir/CheckSymbolExists.c.o  -o cmTC_af31a -rdynamic 
CMakeFiles/cmTC_af31a.dir/CheckSymbolExists.c.o: In function `main':
CheckSymbolExists.c:(.text+0x16): undefined reference to `pthread_create'
collect2: error: ld returned 1 exit status
CMakeFiles/cmTC_af31a.dir/build.make:97: recipe for target 'cmTC_af31a' failed
make[1]: *** [cmTC_af31a] Error 1
make[1]: Leaving directory '/home/yalshinnawi/fall-20-106a-robotics/final_ws/build/CMakeFiles/CMakeTmp'
Makefile:126: recipe for target 'cmTC_af31a/fast' failed
make: *** [cmTC_af31a/fast] Error 2

File /home/yalshinnawi/fall-20-106a-robotics/final_ws/build/CMakeFiles/CMakeTmp/CheckSymbolExists.c:
/* */
#include <pthread.h>

int main(int argc, char** argv)
{
  (void)argv;
#ifndef pthread_create
  return ((int*)(&pthread_create))[argc];
#else
  (void)argc;
  return 0;
#endif
}

Determining if the function pthread_create exists in the pthreads failed with the following output:
Change Dir: /home/yalshinnawi/fall-20-106a-robotics/final_ws/build/CMakeFiles/CMakeTmp

Run Build Command:"/usr/bin/make" "cmTC_f68bc/fast"
/usr/bin/make -f CMakeFiles/cmTC_f68bc.dir/build.make CMakeFiles/cmTC_f68bc.dir/build
make[1]: Entering directory '/home/yalshinnawi/fall-20-106a-robotics/final_ws/build/CMakeFiles/CMakeTmp'
Building C object CMakeFiles/cmTC_f68bc.dir/CheckFunctionExists.c.o
/usr/bin/cc    -DCHECK_FUNCTION_EXISTS=pthread_create   -o CMakeFiles/cmTC_f68bc.dir/CheckFunctionExists.c.o   -c /usr/share/cmake-3.5/Modules/CheckFunctionExists.c
Linking C executable cmTC_f68bc
/usr/bin/cmake -E cmake_link_script CMakeFiles/cmTC_f68bc.dir/link.txt --verbose=1
/usr/bin/cc   -DCHECK_FUNCTION_EXISTS=pthread_create    CMakeFiles/cmTC_f68bc.dir/CheckFunctionExists.c.o  -o cmTC_f68bc -rdynamic -lpthreads 
/usr/bin/ld: cannot find -lpthreads
collect2: error: ld returned 1 exit status
CMakeFiles/cmTC_f68bc.dir/build.make:97: recipe for target 'cmTC_f68bc' failed
make[1]: *** [cmTC_f68bc] Error 1
make[1]: Leaving directory '/home/yalshinnawi/fall-20-106a-robotics/final_ws/build/CMakeFiles/CMakeTmp'
Makefile:126: recipe for target 'cmTC_f68bc/fast' failed
make: *** [cmTC_f68bc/fast] Error 2


